<?xml version="1.0" encoding="UTF-8"?>
<!-- Generated by org.testng.reporters.JUnitXMLReporter -->
<testsuite ignored="0" hostname="STA-LT76483" failures="0" tests="10" name="Default test" time="46.171" errors="0" timestamp="2023-09-12T11:30:20 EDT">
  <testcase classname="gov.vas_testcases.HomeLoginPageTest" name="open_vas_application" time="14.757"/>
  <testcase classname="gov.vas_testcases.HomeLoginPageTest" name="_login_page_test_05" time="1.081"/>
  <testcase classname="gov.vas_testcases.HomeLoginPageTest" name="_loginpg_logo_test_06" time="0.037"/>
  <testcase classname="gov.vas_testcases.HomeLoginPageTest" name="_verify_feature_test_07" time="2.08"/>
  <testcase classname="gov.vas_testcases.HomeLoginPageTest" name="_login_header_test_08" time="0.042"/>
  <testcase classname="gov.vas_testcases.PatientSearchTests" name="_pat_search_mod_test_09" time="0.113"/>
  <testcase classname="gov.vas_testcases.PatientSearchTests" name="_search_page_test_10" time="0.038"/>
  <testcase classname="gov.vas_testcases.PatientFullNameSearchTests" name="_pat_full_search_test_11" time="0.091"/>
  <testcase classname="gov.vas_testcases.PatientFullNameSearchTests" name="_full_search_page_test_12" time="0.058"/>
  <testcase classname="gov.vas_testcases.TC010_FS_newUser_patient_search" name="verify_newuser_patient_fs" time="26.641"/>
</testsuite> <!-- Default test -->
